<?xml version="1.0" encoding="UTF-8"?>
<testsuites>
  <testsuite name="/app/phpunit-ci.xml" tests="31" assertions="182" errors="0" failures="0" skipped="0" time="3.857871">
    <testsuite name="Unit" tests="15" assertions="40" errors="0" failures="0" skipped="0" time="0.710793">
      <testsuite name="Tests\Unit\Playground\Crm\Models\Client\ModelTest" file="/app/tests/Unit/Models/Client/ModelTest.php" tests="3" assertions="8" errors="0" failures="0" skipped="0" time="0.312625">
        <testcase name="test_model_instance" file="/app/vendor/gammamatrix/playground-test/src/Unit/Models/ModelCase.php" line="103" class="Tests\Unit\Playground\Crm\Models\Client\ModelTest" classname="Tests.Unit.Playground.Crm.Models.Client.ModelTest" assertions="1" time="0.238004"/>
        <testcase name="test_verify_model_relationships" file="/app/vendor/gammamatrix/playground-test/src/Unit/Models/ModelCase.php" line="264" class="Tests\Unit\Playground\Crm\Models\Client\ModelTest" classname="Tests.Unit.Playground.Crm.Models.Client.ModelTest" assertions="4" time="0.041888"/>
        <testcase name="test_model_factory_make" file="/app/vendor/gammamatrix/playground-test/src/Unit/Models/ModelCase.php" line="280" class="Tests\Unit\Playground\Crm\Models\Client\ModelTest" classname="Tests.Unit.Playground.Crm.Models.Client.ModelTest" assertions="3" time="0.032732"/>
      </testsuite>
      <testsuite name="Tests\Unit\Playground\Crm\Models\Contact\ModelTest" file="/app/tests/Unit/Models/Contact/ModelTest.php" tests="3" assertions="8" errors="0" failures="0" skipped="0" time="0.097235">
        <testcase name="test_model_instance" file="/app/vendor/gammamatrix/playground-test/src/Unit/Models/ModelCase.php" line="103" class="Tests\Unit\Playground\Crm\Models\Contact\ModelTest" classname="Tests.Unit.Playground.Crm.Models.Contact.ModelTest" assertions="1" time="0.048011"/>
        <testcase name="test_verify_model_relationships" file="/app/vendor/gammamatrix/playground-test/src/Unit/Models/ModelCase.php" line="264" class="Tests\Unit\Playground\Crm\Models\Contact\ModelTest" classname="Tests.Unit.Playground.Crm.Models.Contact.ModelTest" assertions="4" time="0.025691"/>
        <testcase name="test_model_factory_make" file="/app/vendor/gammamatrix/playground-test/src/Unit/Models/ModelCase.php" line="280" class="Tests\Unit\Playground\Crm\Models\Contact\ModelTest" classname="Tests.Unit.Playground.Crm.Models.Contact.ModelTest" assertions="3" time="0.023533"/>
      </testsuite>
      <testsuite name="Tests\Unit\Playground\Crm\Models\Location\ModelTest" file="/app/tests/Unit/Models/Location/ModelTest.php" tests="3" assertions="8" errors="0" failures="0" skipped="0" time="0.101554">
        <testcase name="test_model_instance" file="/app/vendor/gammamatrix/playground-test/src/Unit/Models/ModelCase.php" line="103" class="Tests\Unit\Playground\Crm\Models\Location\ModelTest" classname="Tests.Unit.Playground.Crm.Models.Location.ModelTest" assertions="1" time="0.052144"/>
        <testcase name="test_verify_model_relationships" file="/app/vendor/gammamatrix/playground-test/src/Unit/Models/ModelCase.php" line="264" class="Tests\Unit\Playground\Crm\Models\Location\ModelTest" classname="Tests.Unit.Playground.Crm.Models.Location.ModelTest" assertions="4" time="0.024726"/>
        <testcase name="test_model_factory_make" file="/app/vendor/gammamatrix/playground-test/src/Unit/Models/ModelCase.php" line="280" class="Tests\Unit\Playground\Crm\Models\Location\ModelTest" classname="Tests.Unit.Playground.Crm.Models.Location.ModelTest" assertions="3" time="0.024683"/>
      </testsuite>
      <testsuite name="Tests\Unit\Playground\Crm\Models\Organization\ModelTest" file="/app/tests/Unit/Models/Organization/ModelTest.php" tests="3" assertions="8" errors="0" failures="0" skipped="0" time="0.098346">
        <testcase name="test_model_instance" file="/app/vendor/gammamatrix/playground-test/src/Unit/Models/ModelCase.php" line="103" class="Tests\Unit\Playground\Crm\Models\Organization\ModelTest" classname="Tests.Unit.Playground.Crm.Models.Organization.ModelTest" assertions="1" time="0.049106"/>
        <testcase name="test_verify_model_relationships" file="/app/vendor/gammamatrix/playground-test/src/Unit/Models/ModelCase.php" line="264" class="Tests\Unit\Playground\Crm\Models\Organization\ModelTest" classname="Tests.Unit.Playground.Crm.Models.Organization.ModelTest" assertions="4" time="0.024558"/>
        <testcase name="test_model_factory_make" file="/app/vendor/gammamatrix/playground-test/src/Unit/Models/ModelCase.php" line="280" class="Tests\Unit\Playground\Crm\Models\Organization\ModelTest" classname="Tests.Unit.Playground.Crm.Models.Organization.ModelTest" assertions="3" time="0.024682"/>
      </testsuite>
      <testsuite name="Tests\Unit\Playground\Crm\Models\People\ModelTest" file="/app/tests/Unit/Models/People/ModelTest.php" tests="3" assertions="8" errors="0" failures="0" skipped="0" time="0.101033">
        <testcase name="test_model_instance" file="/app/vendor/gammamatrix/playground-test/src/Unit/Models/ModelCase.php" line="103" class="Tests\Unit\Playground\Crm\Models\People\ModelTest" classname="Tests.Unit.Playground.Crm.Models.People.ModelTest" assertions="1" time="0.050652"/>
        <testcase name="test_verify_model_relationships" file="/app/vendor/gammamatrix/playground-test/src/Unit/Models/ModelCase.php" line="264" class="Tests\Unit\Playground\Crm\Models\People\ModelTest" classname="Tests.Unit.Playground.Crm.Models.People.ModelTest" assertions="4" time="0.025577"/>
        <testcase name="test_model_factory_make" file="/app/vendor/gammamatrix/playground-test/src/Unit/Models/ModelCase.php" line="280" class="Tests\Unit\Playground\Crm\Models\People\ModelTest" classname="Tests.Unit.Playground.Crm.Models.People.ModelTest" assertions="3" time="0.024804"/>
      </testsuite>
    </testsuite>
    <testsuite name="Feature" tests="16" assertions="142" errors="0" failures="0" skipped="0" time="3.147078">
      <testsuite name="Tests\Feature\Playground\Crm\Console\Commands\About\CommandTest" file="/app/tests/Feature/Console/Commands/About/CommandTest.php" tests="1" assertions="2" errors="0" failures="0" skipped="0" time="0.298354">
        <testcase name="test_command_about_displays_package_information_and_succeed" file="/app/tests/Feature/Console/Commands/About/CommandTest.php" line="33" class="Tests\Feature\Playground\Crm\Console\Commands\About\CommandTest" classname="Tests.Feature.Playground.Crm.Console.Commands.About.CommandTest" assertions="2" time="0.298354"/>
      </testsuite>
      <testsuite name="Tests\Feature\Playground\Crm\Models\Client\ModelTest" file="/app/tests/Feature/Models/Client/ModelTest.php" tests="3" assertions="28" errors="0" failures="0" skipped="0" time="0.575695">
        <testcase name="test_model_instance" file="/app/vendor/gammamatrix/playground-test/src/Feature/Models/ModelCase.php" line="109" class="Tests\Feature\Playground\Crm\Models\Client\ModelTest" classname="Tests.Feature.Playground.Crm.Models.Client.ModelTest" assertions="1" time="0.159065"/>
        <testcase name="test_verify_model_relationships" file="/app/vendor/gammamatrix/playground-test/src/Feature/Models/ModelCase.php" line="528" class="Tests\Feature\Playground\Crm\Models\Client\ModelTest" classname="Tests.Feature.Playground.Crm.Models.Client.ModelTest" assertions="24" time="0.250052"/>
        <testcase name="test_factory_create" file="/app/vendor/gammamatrix/playground-test/src/Feature/Models/ModelCase.php" line="549" class="Tests\Feature\Playground\Crm\Models\Client\ModelTest" classname="Tests.Feature.Playground.Crm.Models.Client.ModelTest" assertions="3" time="0.166578"/>
      </testsuite>
      <testsuite name="Tests\Feature\Playground\Crm\Models\Contact\ModelTest" file="/app/tests/Feature/Models/Contact/ModelTest.php" tests="3" assertions="28" errors="0" failures="0" skipped="0" time="0.556934">
        <testcase name="test_model_instance" file="/app/vendor/gammamatrix/playground-test/src/Feature/Models/ModelCase.php" line="109" class="Tests\Feature\Playground\Crm\Models\Contact\ModelTest" classname="Tests.Feature.Playground.Crm.Models.Contact.ModelTest" assertions="1" time="0.156390"/>
        <testcase name="test_verify_model_relationships" file="/app/vendor/gammamatrix/playground-test/src/Feature/Models/ModelCase.php" line="528" class="Tests\Feature\Playground\Crm\Models\Contact\ModelTest" classname="Tests.Feature.Playground.Crm.Models.Contact.ModelTest" assertions="24" time="0.233659"/>
        <testcase name="test_factory_create" file="/app/vendor/gammamatrix/playground-test/src/Feature/Models/ModelCase.php" line="549" class="Tests\Feature\Playground\Crm\Models\Contact\ModelTest" classname="Tests.Feature.Playground.Crm.Models.Contact.ModelTest" assertions="3" time="0.166885"/>
      </testsuite>
      <testsuite name="Tests\Feature\Playground\Crm\Models\Location\ModelTest" file="/app/tests/Feature/Models/Location/ModelTest.php" tests="3" assertions="28" errors="0" failures="0" skipped="0" time="0.599003">
        <testcase name="test_model_instance" file="/app/vendor/gammamatrix/playground-test/src/Feature/Models/ModelCase.php" line="109" class="Tests\Feature\Playground\Crm\Models\Location\ModelTest" classname="Tests.Feature.Playground.Crm.Models.Location.ModelTest" assertions="1" time="0.157812"/>
        <testcase name="test_verify_model_relationships" file="/app/vendor/gammamatrix/playground-test/src/Feature/Models/ModelCase.php" line="528" class="Tests\Feature\Playground\Crm\Models\Location\ModelTest" classname="Tests.Feature.Playground.Crm.Models.Location.ModelTest" assertions="24" time="0.273205"/>
        <testcase name="test_factory_create" file="/app/vendor/gammamatrix/playground-test/src/Feature/Models/ModelCase.php" line="549" class="Tests\Feature\Playground\Crm\Models\Location\ModelTest" classname="Tests.Feature.Playground.Crm.Models.Location.ModelTest" assertions="3" time="0.167987"/>
      </testsuite>
      <testsuite name="Tests\Feature\Playground\Crm\Models\Organization\ModelTest" file="/app/tests/Feature/Models/Organization/ModelTest.php" tests="3" assertions="28" errors="0" failures="0" skipped="0" time="0.560646">
        <testcase name="test_model_instance" file="/app/vendor/gammamatrix/playground-test/src/Feature/Models/ModelCase.php" line="109" class="Tests\Feature\Playground\Crm\Models\Organization\ModelTest" classname="Tests.Feature.Playground.Crm.Models.Organization.ModelTest" assertions="1" time="0.160531"/>
        <testcase name="test_verify_model_relationships" file="/app/vendor/gammamatrix/playground-test/src/Feature/Models/ModelCase.php" line="528" class="Tests\Feature\Playground\Crm\Models\Organization\ModelTest" classname="Tests.Feature.Playground.Crm.Models.Organization.ModelTest" assertions="24" time="0.231218"/>
        <testcase name="test_factory_create" file="/app/vendor/gammamatrix/playground-test/src/Feature/Models/ModelCase.php" line="549" class="Tests\Feature\Playground\Crm\Models\Organization\ModelTest" classname="Tests.Feature.Playground.Crm.Models.Organization.ModelTest" assertions="3" time="0.168898"/>
      </testsuite>
      <testsuite name="Tests\Feature\Playground\Crm\Models\People\ModelTest" file="/app/tests/Feature/Models/People/ModelTest.php" tests="3" assertions="28" errors="0" failures="0" skipped="0" time="0.556445">
        <testcase name="test_model_instance" file="/app/vendor/gammamatrix/playground-test/src/Feature/Models/ModelCase.php" line="109" class="Tests\Feature\Playground\Crm\Models\People\ModelTest" classname="Tests.Feature.Playground.Crm.Models.People.ModelTest" assertions="1" time="0.156372"/>
        <testcase name="test_verify_model_relationships" file="/app/vendor/gammamatrix/playground-test/src/Feature/Models/ModelCase.php" line="528" class="Tests\Feature\Playground\Crm\Models\People\ModelTest" classname="Tests.Feature.Playground.Crm.Models.People.ModelTest" assertions="24" time="0.229761"/>
        <testcase name="test_factory_create" file="/app/vendor/gammamatrix/playground-test/src/Feature/Models/ModelCase.php" line="549" class="Tests\Feature\Playground\Crm\Models\People\ModelTest" classname="Tests.Feature.Playground.Crm.Models.People.ModelTest" assertions="3" time="0.170312"/>
      </testsuite>
    </testsuite>
  </testsuite>
</testsuites>
